<?xml version="1.0" encoding="UTF-8"?>
<!-- Generated by org.testng.reporters.JUnitReportReporter -->
<testsuite hostname="QSP" failures="0" tests="1" name="testNG.Testcase3" time="17.722" errors="0" timestamp="2022-07-01T09:24:31 IST" skipped="0">
  <testcase classname="testNG.Testcase3" name="tc3" time="17.722"/>
</testsuite> <!-- testNG.Testcase3 -->
