<?xml version="1.0" encoding="UTF-8"?>
<!-- Generated by org.testng.reporters.JUnitReportReporter -->
<testsuite hostname="QSP" failures="0" tests="1" name="testNG.Testcase1" time="21.360" errors="0" timestamp="2022-07-01T09:24:31 IST" skipped="0">
  <testcase classname="testNG.Testcase1" name="tc1" time="21.360"/>
</testsuite> <!-- testNG.Testcase1 -->
