<?xml version="1.0" encoding="UTF-8"?>
<!-- Generated by org.testng.reporters.JUnitReportReporter -->
<testsuite hostname="QSP" failures="0" tests="1" name="testNG.Testcase1" time="17.762" errors="0" timestamp="2022-07-04T09:28:34 IST" skipped="0">
  <testcase classname="testNG.Testcase1" name="tc1" time="17.762"/>
</testsuite> <!-- testNG.Testcase1 -->
