<?xml version="1.0" encoding="UTF-8"?>
<!-- Generated by org.testng.reporters.JUnitReportReporter -->
<testsuite hostname="QSP" failures="0" tests="2" name="testNG.Parallel" time="65.462" errors="0" timestamp="2022-07-04T08:38:01 IST" skipped="0">
  <testcase classname="testNG.Parallel" name="demo" time="25.626"/>
  <testcase classname="testNG.Parallel" name="demo" time="39.836"/>
</testsuite> <!-- testNG.Parallel -->
