<?xml version="1.0" encoding="UTF-8"?>
<!-- Generated by org.testng.reporters.JUnitReportReporter -->
<testsuite hostname="QSP" failures="0" tests="1" name="testNG.Testcase2" time="7.160" errors="0" timestamp="2022-07-04T09:25:33 IST" skipped="0">
  <testcase classname="testNG.Testcase2" name="tc2" time="7.160"/>
</testsuite> <!-- testNG.Testcase2 -->
