<?xml version="1.0" encoding="UTF-8"?>
<!-- Generated by org.testng.reporters.JUnitReportReporter -->
<testsuite hostname="QSP" failures="0" tests="7" name="testNG.Test1" time="0.072" errors="0" timestamp="2022-07-01T08:45:40 IST" skipped="1">
  <testcase classname="testNG.Test1" name="chats" time="0.054"/>
  <testcase classname="testNG.Test1" name="calls" time="0.002"/>
  <testcase classname="testNG.Test1" name="calls" time="0.007"/>
  <testcase classname="testNG.Test1" name="calls" time="0.002"/>
  <testcase classname="testNG.Test1" name="calls" time="0.003"/>
  <testcase classname="testNG.Test1" name="calls" time="0.004"/>
  <testcase classname="testNG.Test1" name="settings">
    <skipped/>
  </testcase> <!-- settings -->
</testsuite> <!-- testNG.Test1 -->
